0 info it worked if it ends with ok
1 verbose cli [ '/usr/local/bin/node',
1 verbose cli   '/usr/local/lib/node_modules/npm/bin/npm-cli.js',
1 verbose cli   'run-script',
1 verbose cli   'prepare' ]
2 info using npm@3.10.8
3 info using node@v6.9.1
4 verbose run-script [ 'prepare' ]
5 info lifecycle shower@2.1.4~prepare: shower@2.1.4
6 verbose lifecycle shower@2.1.4~prepare: unsafe-perm in lifecycle true
7 verbose lifecycle shower@2.1.4~prepare: PATH: /usr/local/lib/node_modules/npm/bin/node-gyp-bin:/Users/seokirill/repos/presentation-react/node_modules/.bin:/Users/seokirill/.rvm/gems/ruby-2.1.7/bin:/Users/seokirill/.rvm/gems/ruby-2.1.7@global/bin:/Users/seokirill/.rvm/rubies/ruby-2.1.7/bin:/opt/local/bin:/opt/local/sbin:/usr/local/mysql/bin:/usr/local/bin:/usr/bin:/bin:/usr/sbin:/sbin:/opt/X11/bin:/usr/local/git/bin:/Users/seokirill/.rvm/bin:/Users/seokirill/.rvm/bin
8 verbose lifecycle shower@2.1.4~prepare: CWD: /Users/seokirill/repos/presentation-react
9 silly lifecycle shower@2.1.4~prepare: Args: [ '-c', 'gulp prepare' ]
10 silly lifecycle shower@2.1.4~prepare: Returned: code: 1  signal: null
11 info lifecycle shower@2.1.4~prepare: Failed to exec prepare script
12 verbose stack Error: shower@2.1.4 prepare: `gulp prepare`
12 verbose stack Exit status 1
12 verbose stack     at EventEmitter.<anonymous> (/usr/local/lib/node_modules/npm/lib/utils/lifecycle.js:255:16)
12 verbose stack     at emitTwo (events.js:106:13)
12 verbose stack     at EventEmitter.emit (events.js:191:7)
12 verbose stack     at ChildProcess.<anonymous> (/usr/local/lib/node_modules/npm/lib/utils/spawn.js:40:14)
12 verbose stack     at emitTwo (events.js:106:13)
12 verbose stack     at ChildProcess.emit (events.js:191:7)
12 verbose stack     at maybeClose (internal/child_process.js:877:16)
12 verbose stack     at Process.ChildProcess._handle.onexit (internal/child_process.js:226:5)
13 verbose pkgid shower@2.1.4
14 verbose cwd /Users/seokirill/repos/presentation-react
15 error Darwin 16.1.0
16 error argv "/usr/local/bin/node" "/usr/local/lib/node_modules/npm/bin/npm-cli.js" "run-script" "prepare"
17 error node v6.9.1
18 error npm  v3.10.8
19 error code ELIFECYCLE
20 error shower@2.1.4 prepare: `gulp prepare`
20 error Exit status 1
21 error Failed at the shower@2.1.4 prepare script 'gulp prepare'.
21 error Make sure you have the latest version of node.js and npm installed.
21 error If you do, this is most likely a problem with the shower package,
21 error not with npm itself.
21 error Tell the author that this fails on your system:
21 error     gulp prepare
21 error You can get information on how to open an issue for this project with:
21 error     npm bugs shower
21 error Or if that isn't available, you can get their info via:
21 error     npm owner ls shower
21 error There is likely additional logging output above.
22 verbose exit [ 1, true ]
